2023-11-12 19:51:53,433 - INFO - Listening on port: /dev/ttys003
2023-11-12 19:52:01,515 - INFO - Received data: WAKE
2023-11-12 19:52:01,515 - INFO - Waking up...
2023-11-12 19:52:12,226 - INFO - Received data: SLEEP
2023-11-12 19:52:12,226 - INFO - Entering low power mode...
2023-11-12 19:58:34,682 - INFO - Listening on port: /dev/ttys003
2023-11-12 19:58:39,639 - INFO - Received data: WAKE
2023-11-12 19:58:39,639 - INFO - Waking up...
2023-11-12 20:00:01,109 - INFO - Listening on port: /dev/ttys003
2023-11-12 20:00:06,656 - INFO - Received data: WAKE
2023-11-12 20:00:06,656 - INFO - Waking up...
2023-11-12 20:00:18,563 - INFO - Received data: RECEIVE_IMAGE
2023-11-12 20:00:18,563 - INFO - Receiving and storing image...
2023-11-12 20:00:31,180 - INFO - Received data: PROCESS_IMAGES
2023-11-12 20:00:31,180 - INFO - Beginning image processing...
2023-11-12 20:00:40,899 - INFO - Received data: PERFORM_INFERENCE
2023-11-12 20:00:40,899 - INFO - Beginning image inference...
2023-11-12 20:00:48,683 - INFO - Received data: SEND_RESULTS
2023-11-12 20:00:48,683 - INFO - Sending back inference results...
2023-11-12 20:28:25,264 - INFO - Listening on port: /dev/ttys003
2023-11-12 20:28:59,558 - INFO - Received data: 1
2023-11-12 20:29:47,788 - INFO - Received data: 1
2023-11-12 20:30:15,771 - INFO - Listening on port: /dev/ttys003
2023-11-12 20:30:22,346 - INFO - Received data: 1
2023-11-12 20:30:22,346 - INFO - Waking up...
2023-11-12 20:30:29,878 - INFO - Received data: 2
2023-11-12 20:30:29,879 - INFO - Receiving and storing image...
2023-11-12 20:30:46,153 - INFO - Received data: 3
2023-11-12 20:30:46,153 - INFO - Beginning image processing...
2023-11-12 20:30:55,962 - INFO - Received data: 5
2023-11-12 20:30:55,962 - INFO - Sending back inference results...
